{
  "Cucumber Features": {
    "coverage": {
      "/home/ubuntu/environment/ProjectFlex/ProjectFlex/app/channels/application_cable/channel.rb": [
        1,
        1,
        null,
        null
      ],
      "/home/ubuntu/environment/ProjectFlex/ProjectFlex/app/channels/application_cable/connection.rb": [
        1,
        1,
        null,
        null
      ],
      "/home/ubuntu/environment/ProjectFlex/ProjectFlex/app/controllers/application_controller.rb": [
        1,
        1,
        null
      ],
      "/home/ubuntu/environment/ProjectFlex/ProjectFlex/app/helpers/application_helper.rb": [
        1,
        null
      ],
      "/home/ubuntu/environment/ProjectFlex/ProjectFlex/app/helpers/homepage_helper.rb": [
        1,
        null
      ],
      "/home/ubuntu/environment/ProjectFlex/ProjectFlex/app/controllers/event_attendances_controller.rb": [
        1,
        null,
        1,
        0,
        0,
        0,
        null,
        null,
        null
      ],
      "/home/ubuntu/environment/ProjectFlex/ProjectFlex/app/controllers/events_controller.rb": [
        1,
        1,
        null,
        null,
        1,
        0,
        null,
        null,
        null,
        null,
        0,
        null,
        null,
        1,
        null,
        null,
        1,
        0,
        0,
        0,
        0,
        0,
        null,
        null,
        0,
        0,
        0,
        null,
        null,
        null,
        null
      ],
      "/home/ubuntu/environment/ProjectFlex/ProjectFlex/app/controllers/member_controller.rb": [
        1,
        null,
        null,
        1,
        null,
        3,
        3,
        3,
        3,
        0,
        0,
        null,
        3,
        null,
        null,
        1,
        null,
        0,
        0,
        null,
        1,
        null,
        0,
        null,
        null,
        1,
        null,
        2,
        null,
        null,
        null,
        2,
        null,
        null,
        null,
        null,
        null,
        null,
        2,
        2,
        0,
        null,
        null,
        null,
        null,
        null,
        null,
        null,
        null,
        null,
        1,
        null,
        null,
        1,
        null,
        null,
        1,
        0,
        0,
        0,
        null,
        0,
        0,
        0,
        null,
        0,
        0,
        0,
        0,
        0,
        null,
        null,
        null,
        null,
        null,
        1,
        null,
        null,
        null
      ],
      "/home/ubuntu/environment/ProjectFlex/ProjectFlex/app/controllers/static_controller.rb": [
        1,
        1,
        1,
        null,
        null,
        null,
        null,
        null,
        null,
        1,
        null,
        null,
        1,
        null,
        null,
        1,
        0,
        null,
        null
      ],
      "/home/ubuntu/environment/ProjectFlex/ProjectFlex/app/jobs/application_job.rb": [
        1,
        null
      ],
      "/home/ubuntu/environment/ProjectFlex/ProjectFlex/app/mailers/application_mailer.rb": [
        1,
        1,
        1,
        null
      ],
      "/home/ubuntu/environment/ProjectFlex/ProjectFlex/app/models/application_record.rb": [
        1,
        1,
        null
      ],
      "/home/ubuntu/environment/ProjectFlex/ProjectFlex/app/models/event.rb": [
        1,
        null
      ],
      "/home/ubuntu/environment/ProjectFlex/ProjectFlex/app/models/event_attendance.rb": [
        1,
        1,
        0,
        null,
        null
      ],
      "/home/ubuntu/environment/ProjectFlex/ProjectFlex/app/models/menu_sidebar.rb": [
        1,
        null,
        1,
        null,
        1,
        0,
        0,
        null,
        null,
        null,
        1,
        null,
        1,
        null,
        1,
        0,
        0,
        0,
        null,
        0,
        null,
        null,
        1,
        0,
        null,
        null,
        1,
        0,
        null,
        null,
        null
      ],
      "/home/ubuntu/environment/ProjectFlex/ProjectFlex/app/models/user.rb": [
        1,
        null,
        null,
        null,
        null,
        null,
        null,
        null,
        null,
        null,
        1,
        0,
        null,
        null,
        1,
        3,
        null,
        null
      ]
    },
    "timestamp": 1572566223
  },
  "RSpec": {
    "coverage": {
      "/home/ubuntu/environment/ProjectFlex/ProjectFlex/spec/login_spec.rb": [
        1,
        1,
        null,
        1,
        null,
        1,
        1,
        1,
        1,
        null,
        1,
        1,
        1,
        null,
        null,
        null,
        null,
        1,
        1,
        1,
        null,
        1,
        1,
        1,
        1,
        null,
        null,
        null,
        null
      ],
      "/home/ubuntu/environment/ProjectFlex/ProjectFlex/config/environment.rb": [
        null,
        1,
        null,
        null,
        1,
        null,
        1,
        1,
        null,
        1,
        null,
        null,
        null,
        null
      ],
      "/home/ubuntu/environment/ProjectFlex/ProjectFlex/config/application.rb": [
        1,
        null,
        1,
        null,
        null,
        null,
        1,
        null,
        1,
        1,
        null,
        1,
        null,
        null,
        null,
        null,
        null,
        null,
        null,
        null
      ],
      "/home/ubuntu/environment/ProjectFlex/ProjectFlex/config/boot.rb": [
        1,
        null,
        1,
        1
      ],
      "/home/ubuntu/environment/ProjectFlex/ProjectFlex/config/environments/development.rb": [
        1,
        null,
        null,
        null,
        null,
        null,
        1,
        null,
        null,
        1,
        null,
        null,
        1,
        null,
        null,
        null,
        1,
        0,
        null,
        0,
        0,
        null,
        null,
        null,
        1,
        null,
        1,
        null,
        null,
        null,
        1,
        null,
        null,
        1,
        null,
        1,
        null,
        null,
        1,
        null,
        null,
        1,
        null,
        null,
        1,
        null,
        null,
        null,
        null,
        1,
        null,
        null,
        1,
        null,
        null,
        null,
        null,
        null,
        null,
        1,
        null
      ],
      "/home/ubuntu/environment/ProjectFlex/ProjectFlex/config/initializers/application_controller_renderer.rb": [
        null,
        null,
        null,
        null,
        null,
        null,
        null,
        null
      ],
      "/home/ubuntu/environment/ProjectFlex/ProjectFlex/config/initializers/assets.rb": [
        null,
        null,
        null,
        1,
        null,
        null,
        null,
        null,
        1,
        null,
        null,
        null,
        null,
        null
      ],
      "/home/ubuntu/environment/ProjectFlex/ProjectFlex/config/initializers/backtrace_silencers.rb": [
        null,
        null,
        null,
        null,
        null,
        null,
        null
      ],
      "/home/ubuntu/environment/ProjectFlex/ProjectFlex/config/initializers/content_security_policy.rb": [
        null,
        null,
        null,
        null,
        null,
        null,
        null,
        null,
        null,
        null,
        null,
        null,
        null,
        null,
        null,
        null,
        null,
        null,
        null,
        null,
        null,
        null,
        null,
        null,
        null
      ],
      "/home/ubuntu/environment/ProjectFlex/ProjectFlex/config/initializers/cookies_serializer.rb": [
        null,
        null,
        null,
        null,
        1
      ],
      "/home/ubuntu/environment/ProjectFlex/ProjectFlex/config/initializers/filter_parameter_logging.rb": [
        null,
        null,
        null,
        1
      ],
      "/home/ubuntu/environment/ProjectFlex/ProjectFlex/config/initializers/inflections.rb": [
        null,
        null,
        null,
        null,
        null,
        null,
        null,
        null,
        null,
        null,
        null,
        null,
        null,
        null,
        null,
        null
      ],
      "/home/ubuntu/environment/ProjectFlex/ProjectFlex/config/initializers/mime_types.rb": [
        null,
        null,
        null,
        null
      ],
      "/home/ubuntu/environment/ProjectFlex/ProjectFlex/config/initializers/wrap_parameters.rb": [
        null,
        null,
        null,
        null,
        null,
        null,
        1,
        2,
        null,
        null,
        null,
        null,
        null,
        null
      ],
      "/home/ubuntu/environment/ProjectFlex/ProjectFlex/config/routes.rb": [
        1,
        1,
        null,
        null,
        null,
        1,
        null,
        null,
        1,
        null,
        null,
        1,
        null,
        null,
        1,
        null,
        1,
        null,
        1,
        null,
        1,
        null,
        null,
        1,
        null,
        null,
        1,
        null,
        null,
        1,
        null,
        null,
        1,
        null,
        null,
        1,
        null,
        null,
        1,
        null,
        null,
        null
      ],
      "/home/ubuntu/environment/ProjectFlex/ProjectFlex/app/controllers/member_controller.rb": [
        1,
        null,
        null,
        null,
        1,
        null,
        2,
        2,
        2,
        null,
        null,
        1,
        null,
        1,
        1,
        null,
        1,
        null,
        0,
        null,
        null,
        1,
        null,
        0,
        null,
        null,
        1,
        null,
        null,
        1,
        null,
        null,
        1,
        null,
        null,
        1,
        null,
        null,
        null
      ],
      "/home/ubuntu/environment/ProjectFlex/ProjectFlex/app/controllers/application_controller.rb": [
        1,
        1,
        null
      ],
      "/home/ubuntu/environment/ProjectFlex/ProjectFlex/app/helpers/application_helper.rb": [
        1,
        null
      ],
      "/home/ubuntu/environment/ProjectFlex/ProjectFlex/app/helpers/homepage_helper.rb": [
        1,
        null
      ],
      "/home/ubuntu/environment/ProjectFlex/ProjectFlex/spec/rails_helper.rb": [
        null,
        1,
        1,
        1,
        null,
        1,
        1,
        null,
        null,
        null,
        null,
        null,
        null,
        null,
        null,
        null,
        null,
        null,
        null,
        null,
        null,
        null,
        null,
        null,
        null,
        null,
        1,
        null,
        1,
        null,
        1,
        null,
        1,
        null,
        null,
        null,
        null,
        1,
        null,
        null,
        null,
        null,
        null,
        null,
        null,
        null,
        null,
        null,
        null,
        null,
        null,
        null,
        1,
        null,
        null,
        1,
        null,
        null,
        null
      ],
      "/home/ubuntu/environment/ProjectFlex/ProjectFlex/app/controllers/static_controller.rb": [
        1,
        1,
        1,
        null,
        null,
        null,
        null,
        null,
        null,
        1,
        null,
        null,
        1,
        null,
        null,
        1,
        0,
        null,
        null
      ]
    },
    "timestamp": 1571454834
  }
}
